\BOOKMARK [1][-]{section.1}{Haskell Nanotutorial}{}% 1
\BOOKMARK [1][-]{section.2}{Instructions}{}% 2
\BOOKMARK [2][-]{subsection.2.1}{Scoring Module}{section.2}% 3
\BOOKMARK [3][-]{subsubsection.2.1.1}{Constructors}{subsection.2.1}% 4
\BOOKMARK [3][-]{subsubsection.2.1.2}{Game options manipulation}{subsection.2.1}% 5
\BOOKMARK [3][-]{subsubsection.2.1.3}{stable}{subsection.2.1}% 6
\BOOKMARK [3][-]{subsubsection.2.1.4}{guaranteed}{subsection.2.1}% 7
\BOOKMARK [3][-]{subsubsection.2.1.5}{rank}{subsection.2.1}% 8
\BOOKMARK [3][-]{subsubsection.2.1.6}{conjugate}{subsection.2.1}% 9
\BOOKMARK [3][-]{subsubsection.2.1.7}{stops}{subsection.2.1}% 10
\BOOKMARK [3][-]{subsubsection.2.1.8}{r-protected}{subsection.2.1}% 11
\BOOKMARK [3][-]{subsubsection.2.1.9}{relational operators}{subsection.2.1}% 12
\BOOKMARK [3][-]{subsubsection.2.1.10}{disjunctive sum of games}{subsection.2.1}% 13
\BOOKMARK [3][-]{subsubsection.2.1.11}{invertible}{subsection.2.1}% 14
\BOOKMARK [3][-]{subsubsection.2.1.12}{canonize}{subsection.2.1}% 15
\BOOKMARK [3][-]{subsubsection.2.1.13}{Conway games}{subsection.2.1}% 16
\BOOKMARK [3][-]{subsubsection.2.1.14}{converting to latex}{subsection.2.1}% 17
\BOOKMARK [3][-]{subsubsection.2.1.15}{testing properties}{subsection.2.1}% 18
\BOOKMARK [3][-]{subsubsection.2.1.16}{converting strings into games}{subsection.2.1}% 19
\BOOKMARK [2][-]{subsection.2.2}{Position Module}{section.2}% 20
\BOOKMARK [3][-]{subsubsection.2.2.1}{preparing a file with a game position}{subsection.2.2}% 21
\BOOKMARK [3][-]{subsubsection.2.2.2}{evaluating a position in a file}{subsection.2.2}% 22
\BOOKMARK [3][-]{subsubsection.2.2.3}{presenting a position}{subsection.2.2}% 23
\BOOKMARK [3][-]{subsubsection.2.2.4}{getting the next possible positions}{subsection.2.2}% 24
\BOOKMARK [2][-]{subsection.2.3}{Games}{section.2}% 25
\BOOKMARK [3][-]{subsubsection.2.3.1}{Kobber}{subsection.2.3}% 26
\BOOKMARK [3][-]{subsubsection.2.3.2}{Dots'n'Boxes}{subsection.2.3}% 27
\BOOKMARK [3][-]{subsubsection.2.3.3}{Diskonnect}{subsection.2.3}% 28
\BOOKMARK [1][-]{section.3}{Annex: How to start}{}% 29
