This is pdfTeX, Version 3.1415926-2.4-1.40.13 (MiKTeX 2.9) (preloaded format=pdflatex 2013.12.23)  19 DEC 2014 22:08
entering extended mode
**userGuide.tex

("C:\Users\jpn\Documents\Dropbox\My Work\Projects\ScoreGamesHaskell\userGuide\u
serGuide.tex"
LaTeX2e <2011/06/27>
Babel <v3.8m> and hyphenation patterns for english, afrikaans, ancientgreek, ar
abic, armenian, assamese, basque, bengali, bokmal, bulgarian, catalan, coptic, 
croatian, czech, danish, dutch, esperanto, estonian, farsi, finnish, french, ga
lician, german, german-x-2012-05-30, greek, gujarati, hindi, hungarian, iceland
ic, indonesian, interlingua, irish, italian, kannada, kurmanji, latin, latvian,
 lithuanian, malayalam, marathi, mongolian, mongolianlmc, monogreek, ngerman, n
german-x-2012-05-30, nynorsk, oriya, panjabi, pinyin, polish, portuguese, roman
ian, russian, sanskrit, serbian, slovak, slovenian, spanish, swedish, swissgerm
an, tamil, telugu, turkish, turkmen, ukenglish, ukrainian, uppersorbian, usengl
ishmax, welsh, loaded.
("C:\Program Files\MiKTeX 2.9\tex\latex\base\article.cls"
Document Class: article 2007/10/19 v1.4h Standard LaTeX document class
("C:\Program Files\MiKTeX 2.9\tex\latex\base\size12.clo"
File: size12.clo 2007/10/19 v1.4h Standard LaTeX file (size option)
)
\c@part=\count79
\c@section=\count80
\c@subsection=\count81
\c@subsubsection=\count82
\c@paragraph=\count83
\c@subparagraph=\count84
\c@figure=\count85
\c@table=\count86
\abovecaptionskip=\skip41
\belowcaptionskip=\skip42
\bibindent=\dimen102
)
("C:\Program Files\MiKTeX 2.9\tex\latex\graphics\graphicx.sty"
Package: graphicx 1999/02/16 v1.0f Enhanced LaTeX Graphics (DPC,SPQR)

("C:\Program Files\MiKTeX 2.9\tex\latex\graphics\keyval.sty"
Package: keyval 1999/03/16 v1.13 key=value parser (DPC)
\KV@toks@=\toks14
)
("C:\Program Files\MiKTeX 2.9\tex\latex\graphics\graphics.sty"
Package: graphics 2009/02/05 v1.0o Standard LaTeX Graphics (DPC,SPQR)

("C:\Program Files\MiKTeX 2.9\tex\latex\graphics\trig.sty"
Package: trig 1999/03/16 v1.09 sin cos tan (DPC)
)
("C:\Program Files\MiKTeX 2.9\tex\latex\00miktex\graphics.cfg"
File: graphics.cfg 2007/01/18 v1.5 graphics configuration of teTeX/TeXLive
)
Package graphics Info: Driver file: pdftex.def on input line 91.

("C:\Program Files\MiKTeX 2.9\tex\latex\pdftex-def\pdftex.def"
File: pdftex.def 2011/05/27 v0.06d Graphics/color for pdfTeX

("C:\Program Files\MiKTeX 2.9\tex\generic\oberdiek\infwarerr.sty"
Package: infwarerr 2010/04/08 v1.3 Providing info/warning/error messages (HO)
)
("C:\Program Files\MiKTeX 2.9\tex\generic\oberdiek\ltxcmds.sty"
Package: ltxcmds 2011/11/09 v1.22 LaTeX kernel commands for general use (HO)
)
\Gread@gobject=\count87
))
\Gin@req@height=\dimen103
\Gin@req@width=\dimen104
)
("C:\Program Files\MiKTeX 2.9\tex\latex\base\latexsym.sty"
Package: latexsym 1998/08/17 v2.2e Standard LaTeX package (lasy symbols)
\symlasy=\mathgroup4
LaTeX Font Info:    Overwriting symbol font `lasy' in version `bold'
(Font)                  U/lasy/m/n --> U/lasy/b/n on input line 47.
)
("C:\Program Files\MiKTeX 2.9\tex\latex\amsmath\amsmath.sty"
Package: amsmath 2013/01/14 v2.14 AMS math features
\@mathmargin=\skip43

For additional information on amsmath, use the `?' option.
("C:\Program Files\MiKTeX 2.9\tex\latex\amsmath\amstext.sty"
Package: amstext 2000/06/29 v2.01

("C:\Program Files\MiKTeX 2.9\tex\latex\amsmath\amsgen.sty"
File: amsgen.sty 1999/11/30 v2.0
\@emptytoks=\toks15
\ex@=\dimen105
))
("C:\Program Files\MiKTeX 2.9\tex\latex\amsmath\amsbsy.sty"
Package: amsbsy 1999/11/29 v1.2d
\pmbraise@=\dimen106
)
("C:\Program Files\MiKTeX 2.9\tex\latex\amsmath\amsopn.sty"
Package: amsopn 1999/12/14 v2.01 operator names
)
\inf@bad=\count88
LaTeX Info: Redefining \frac on input line 210.
\uproot@=\count89
\leftroot@=\count90
LaTeX Info: Redefining \overline on input line 306.
\classnum@=\count91
\DOTSCASE@=\count92
LaTeX Info: Redefining \ldots on input line 378.
LaTeX Info: Redefining \dots on input line 381.
LaTeX Info: Redefining \cdots on input line 466.
\Mathstrutbox@=\box26
\strutbox@=\box27
\big@size=\dimen107
LaTeX Font Info:    Redeclaring font encoding OML on input line 566.
LaTeX Font Info:    Redeclaring font encoding OMS on input line 567.
\macc@depth=\count93
\c@MaxMatrixCols=\count94
\dotsspace@=\muskip10
\c@parentequation=\count95
\dspbrk@lvl=\count96
\tag@help=\toks16
\row@=\count97
\column@=\count98
\maxfields@=\count99
\andhelp@=\toks17
\eqnshift@=\dimen108
\alignsep@=\dimen109
\tagshift@=\dimen110
\tagwidth@=\dimen111
\totwidth@=\dimen112
\lineht@=\dimen113
\@envbody=\toks18
\multlinegap=\skip44
\multlinetaggap=\skip45
\mathdisplay@stack=\toks19
LaTeX Info: Redefining \[ on input line 2665.
LaTeX Info: Redefining \] on input line 2666.
)
("C:\Program Files\MiKTeX 2.9\tex\latex\amsfonts\amssymb.sty"
Package: amssymb 2013/01/14 v3.01 AMS font symbols

("C:\Program Files\MiKTeX 2.9\tex\latex\amsfonts\amsfonts.sty"
Package: amsfonts 2013/01/14 v3.01 Basic AMSFonts support
\symAMSa=\mathgroup5
\symAMSb=\mathgroup6
LaTeX Font Info:    Overwriting math alphabet `\mathfrak' in version `bold'
(Font)                  U/euf/m/n --> U/euf/b/n on input line 106.
))
("C:\Program Files\MiKTeX 2.9\tex\latex\jknappen\mathrsfs.sty"
Package: mathrsfs 1996/01/01 Math RSFS package v1.0 (jk)
\symrsfs=\mathgroup7
)
("C:\Program Files\MiKTeX 2.9\tex\latex\hyperref\hyperref.sty"
Package: hyperref 2012/11/06 v6.83m Hypertext links for LaTeX

("C:\Program Files\MiKTeX 2.9\tex\generic\oberdiek\hobsub-hyperref.sty"
Package: hobsub-hyperref 2012/04/25 v1.12 Bundle oberdiek, subset hyperref (HO)


("C:\Program Files\MiKTeX 2.9\tex\generic\oberdiek\hobsub-generic.sty"
Package: hobsub-generic 2012/04/25 v1.12 Bundle oberdiek, subset generic (HO)
Package: hobsub 2012/04/25 v1.12 Construct package bundles (HO)
Package hobsub Info: Skipping package `infwarerr' (already loaded).
Package hobsub Info: Skipping package `ltxcmds' (already loaded).
Package: ifluatex 2010/03/01 v1.3 Provides the ifluatex switch (HO)
Package ifluatex Info: LuaTeX not detected.
Package: ifvtex 2010/03/01 v1.5 Detect VTeX and its facilities (HO)
Package ifvtex Info: VTeX not detected.
Package: intcalc 2007/09/27 v1.1 Expandable calculations with integers (HO)
Package: ifpdf 2011/01/30 v2.3 Provides the ifpdf switch (HO)
Package ifpdf Info: pdfTeX in PDF mode is detected.
Package: etexcmds 2011/02/16 v1.5 Avoid name clashes with e-TeX commands (HO)
Package etexcmds Info: Could not find \expanded.
(etexcmds)             That can mean that you are not using pdfTeX 1.50 or
(etexcmds)             that some package has redefined \expanded.
(etexcmds)             In the latter case, load this package earlier.
Package: kvsetkeys 2012/04/25 v1.16 Key value parser (HO)
Package: kvdefinekeys 2011/04/07 v1.3 Define keys (HO)
Package: pdftexcmds 2011/11/29 v0.20 Utility functions of pdfTeX for LuaTeX (HO
)
Package pdftexcmds Info: LuaTeX not detected.
Package pdftexcmds Info: \pdf@primitive is available.
Package pdftexcmds Info: \pdf@ifprimitive is available.
Package pdftexcmds Info: \pdfdraftmode found.
Package: pdfescape 2011/11/25 v1.13 Implements pdfTeX's escape features (HO)
Package: bigintcalc 2012/04/08 v1.3 Expandable calculations on big integers (HO
)
Package: bitset 2011/01/30 v1.1 Handle bit-vector datatype (HO)
Package: uniquecounter 2011/01/30 v1.2 Provide unlimited unique counter (HO)
)
Package hobsub Info: Skipping package `hobsub' (already loaded).
Package: letltxmacro 2010/09/02 v1.4 Let assignment for LaTeX macros (HO)
Package: hopatch 2011/06/24 v1.1 Wrapper for package hooks (HO)
Package: xcolor-patch 2011/01/30 xcolor patch
Package: atveryend 2011/06/30 v1.8 Hooks at the very end of document (HO)
Package atveryend Info: \enddocument detected (standard20110627).
Package: atbegshi 2011/10/05 v1.16 At begin shipout hook (HO)
Package: refcount 2011/10/16 v3.4 Data extraction from label references (HO)
Package: hycolor 2011/01/30 v1.7 Color options for hyperref/bookmark (HO)
)
("C:\Program Files\MiKTeX 2.9\tex\generic\ifxetex\ifxetex.sty"
Package: ifxetex 2010/09/12 v0.6 Provides ifxetex conditional
)
("C:\Program Files\MiKTeX 2.9\tex\latex\oberdiek\auxhook.sty"
Package: auxhook 2011/03/04 v1.3 Hooks for auxiliary files (HO)
)
("C:\Program Files\MiKTeX 2.9\tex\latex\oberdiek\kvoptions.sty"
Package: kvoptions 2011/06/30 v3.11 Key value format for package options (HO)
)
\@linkdim=\dimen114
\Hy@linkcounter=\count100
\Hy@pagecounter=\count101

("C:\Program Files\MiKTeX 2.9\tex\latex\hyperref\pd1enc.def"
File: pd1enc.def 2012/11/06 v6.83m Hyperref: PDFDocEncoding definition (HO)
)
\Hy@SavedSpaceFactor=\count102

("C:\Program Files\MiKTeX 2.9\tex\latex\00miktex\hyperref.cfg"
File: hyperref.cfg 2002/06/06 v1.2 hyperref configuration of TeXLive
)
Package hyperref Info: Hyper figures OFF on input line 4443.
Package hyperref Info: Link nesting OFF on input line 4448.
Package hyperref Info: Hyper index ON on input line 4451.
Package hyperref Info: Plain pages OFF on input line 4458.
Package hyperref Info: Backreferencing OFF on input line 4463.
Package hyperref Info: Implicit mode ON; LaTeX internals redefined.
Package hyperref Info: Bookmarks ON on input line 4688.
\c@Hy@tempcnt=\count103

("C:\Program Files\MiKTeX 2.9\tex\latex\ltxmisc\url.sty"
\Urlmuskip=\muskip11
Package: url 2006/04/12  ver 3.3  Verb mode for urls, etc.
)
LaTeX Info: Redefining \url on input line 5041.
\XeTeXLinkMargin=\dimen115
\Fld@menulength=\count104
\Field@Width=\dimen116
\Fld@charsize=\dimen117
Package hyperref Info: Hyper figures OFF on input line 6295.
Package hyperref Info: Link nesting OFF on input line 6300.
Package hyperref Info: Hyper index ON on input line 6303.
Package hyperref Info: backreferencing OFF on input line 6310.
Package hyperref Info: Link coloring OFF on input line 6315.
Package hyperref Info: Link coloring with OCG OFF on input line 6320.
Package hyperref Info: PDF/A mode OFF on input line 6325.
LaTeX Info: Redefining \ref on input line 6365.
LaTeX Info: Redefining \pageref on input line 6369.
\Hy@abspage=\count105
\c@Item=\count106
\c@Hfootnote=\count107
)

Package hyperref Message: Driver (autodetected): hpdftex.

("C:\Program Files\MiKTeX 2.9\tex\latex\hyperref\hpdftex.def"
File: hpdftex.def 2012/11/06 v6.83m Hyperref driver for pdfTeX
\Fld@listcount=\count108
\c@bookmark@seq@number=\count109

("C:\Program Files\MiKTeX 2.9\tex\latex\oberdiek\rerunfilecheck.sty"
Package: rerunfilecheck 2011/04/15 v1.7 Rerun checks for auxiliary files (HO)
Package uniquecounter Info: New unique counter `rerunfilecheck' on input line 2
82.
)
\Hy@SectionHShift=\skip46
)
("C:\Program Files\MiKTeX 2.9\tex\latex\tools\verbatim.sty"
Package: verbatim 2003/08/22 v1.5q LaTeX2e package for verbatim enhancements
\every@verbatim=\toks20
\verbatim@line=\toks21
\verbatim@in@stream=\read1
)
(C:\Users\jpn\AppData\Roaming\MiKTeX\2.9\tex\latex\xcolor\xcolor.sty
Package: xcolor 2007/01/21 v2.11 LaTeX color extensions (UK)

("C:\Program Files\MiKTeX 2.9\tex\latex\00miktex\color.cfg"
File: color.cfg 2007/01/18 v1.5 color configuration of teTeX/TeXLive
)
Package xcolor Info: Driver file: pdftex.def on input line 225.
Package xcolor Info: Model `cmy' substituted by `cmy0' on input line 1337.
Package xcolor Info: Model `hsb' substituted by `rgb' on input line 1341.
Package xcolor Info: Model `RGB' extended on input line 1353.
Package xcolor Info: Model `HTML' substituted by `rgb' on input line 1355.
Package xcolor Info: Model `Hsb' substituted by `hsb' on input line 1356.
Package xcolor Info: Model `tHsb' substituted by `hsb' on input line 1357.
Package xcolor Info: Model `HSB' substituted by `hsb' on input line 1358.
Package xcolor Info: Model `Gray' substituted by `gray' on input line 1359.
Package xcolor Info: Model `wave' substituted by `hsb' on input line 1360.
)
(C:\Users\jpn\AppData\Roaming\MiKTeX\2.9\tex\latex\listings\listings.sty
\lst@mode=\count110
\lst@gtempboxa=\box28
\lst@token=\toks22
\lst@length=\count111
\lst@currlwidth=\dimen118
\lst@column=\count112
\lst@pos=\count113
\lst@lostspace=\dimen119
\lst@width=\dimen120
\lst@newlines=\count114
\lst@lineno=\count115
\lst@maxwidth=\dimen121

(C:\Users\jpn\AppData\Roaming\MiKTeX\2.9\tex\latex\listings\lstmisc.sty
File: lstmisc.sty 2014/03/04 1.5c (Carsten Heinz)
\c@lstnumber=\count116
\lst@skipnumbers=\count117
\lst@framebox=\box29
)
(C:\Users\jpn\AppData\Roaming\MiKTeX\2.9\tex\latex\listings\listings.cfg
File: listings.cfg 2014/03/04 1.5c listings configuration
))
Package: listings 2014/03/04 1.5c (Carsten Heinz)

("C:\Users\jpn\Documents\Dropbox\My Work\Projects\ScoreGamesHaskell\userGuide\u
serGuide.aux")
LaTeX Font Info:    Checking defaults for OML/cmm/m/it on input line 37.
LaTeX Font Info:    ... okay on input line 37.
LaTeX Font Info:    Checking defaults for T1/cmr/m/n on input line 37.
LaTeX Font Info:    ... okay on input line 37.
LaTeX Font Info:    Checking defaults for OT1/cmr/m/n on input line 37.
LaTeX Font Info:    ... okay on input line 37.
LaTeX Font Info:    Checking defaults for OMS/cmsy/m/n on input line 37.
LaTeX Font Info:    ... okay on input line 37.
LaTeX Font Info:    Checking defaults for OMX/cmex/m/n on input line 37.
LaTeX Font Info:    ... okay on input line 37.
LaTeX Font Info:    Checking defaults for U/cmr/m/n on input line 37.
LaTeX Font Info:    ... okay on input line 37.
LaTeX Font Info:    Checking defaults for PD1/pdf/m/n on input line 37.
LaTeX Font Info:    ... okay on input line 37.

(C:\Users\jpn\AppData\Roaming\MiKTeX\2.9\tex\context\base\supp-pdf.mkii
[Loading MPS to PDF converter (version 2006.09.02).]
\scratchcounter=\count118
\scratchdimen=\dimen122
\scratchbox=\box30
\nofMPsegments=\count119
\nofMParguments=\count120
\everyMPshowfont=\toks23
\MPscratchCnt=\count121
\MPscratchDim=\dimen123
\MPnumerator=\count122
\makeMPintoPDFobject=\count123
\everyMPtoPDFconversion=\toks24
)
\AtBeginShipoutBox=\box31
Package hyperref Info: Link coloring OFF on input line 37.
 ("C:\Program Files\MiKTeX 2.9\tex\latex\hyperref\nameref.sty"
Package: nameref 2012/10/27 v2.43 Cross-referencing by name of section

("C:\Program Files\MiKTeX 2.9\tex\generic\oberdiek\gettitlestring.sty"
Package: gettitlestring 2010/12/03 v1.4 Cleanup title references (HO)
)
\c@section@level=\count124
)
LaTeX Info: Redefining \ref on input line 37.
LaTeX Info: Redefining \pageref on input line 37.
LaTeX Info: Redefining \nameref on input line 37.

("C:\Users\jpn\Documents\Dropbox\My Work\Projects\ScoreGamesHaskell\userGuide\u
serGuide.out")
("C:\Users\jpn\Documents\Dropbox\My Work\Projects\ScoreGamesHaskell\userGuide\u
serGuide.out")
\@outlinefile=\write3
\c@lstlisting=\count125
LaTeX Font Info:    Try loading font information for U+lasy on input line 43.
 ("C:\Program Files\MiKTeX 2.9\tex\latex\base\ulasy.fd"
File: ulasy.fd 1998/08/17 v2.2e LaTeX symbol font definitions
)
LaTeX Font Info:    Try loading font information for U+msa on input line 43.

("C:\Program Files\MiKTeX 2.9\tex\latex\amsfonts\umsa.fd"
File: umsa.fd 2013/01/14 v3.01 AMS symbols A
)
LaTeX Font Info:    Try loading font information for U+msb on input line 43.

("C:\Program Files\MiKTeX 2.9\tex\latex\amsfonts\umsb.fd"
File: umsb.fd 2013/01/14 v3.01 AMS symbols B
)
LaTeX Font Info:    Try loading font information for U+rsfs on input line 43.

("C:\Program Files\MiKTeX 2.9\tex\latex\jknappen\ursfs.fd"
File: ursfs.fd 1998/03/24 rsfs font definition file (jk)
) [1

{C:/Users/jpn/AppData/Local/MiKTeX/2.9/pdftex/config/pdftex.map}]
("C:\Users\jpn\Documents\Dropbox\My Work\Projects\ScoreGamesHaskell\userGuide\u
serGuide.toc")
\tf@toc=\write4
 [2]
LaTeX Font Info:    Try loading font information for OT1+pcr on input line 77.
 ("C:\Program Files\MiKTeX 2.9\tex\latex\psnfss\ot1pcr.fd"
File: ot1pcr.fd 2001/06/04 font definitions for OT1/pcr.
)
LaTeX Font Info:    Font shape `OT1/pcr/bx/n' in size <10.95> not available
(Font)              Font shape `OT1/pcr/b/n' tried instead on input line 78.
Missing character: There is no § in font pcrb7t!
LaTeX Font Info:    Try loading font information for OML+pcr on input line 78.

("C:\Program Files\MiKTeX 2.9\tex\latex\psnfss\omlpcr.fd"
File: omlpcr.fd 
)

LaTeX Font Warning: Font shape `OML/pcr/bx/n' undefined
(Font)              using `OML/pcr/m/it' instead
(Font)              for symbol `textgreater' on input line 78.

LaTeX Font Info:    Font shape `OML/pcr/m/it' in size <10.95> not available
(Font)              Font shape `OML/cmm/m/it' tried instead on input line 78.
Missing character: There is no § in font pcrb7t!
Missing character: There is no § in font pcrr7t!
Missing character: There is no § in font pcrr7t!
Missing character: There is no § in font pcrb7t!
LaTeX Font Info:    Font shape `OML/pcr/bx/n' in size <10.95> not available
(Font)              Font shape `OML/cmm/m/it' tried instead on input line 80.
Missing character: There is no § in font pcrb7t!
Missing character: There is no § in font pcrr7t!
Missing character: There is no § in font pcrr7t!
LaTeX Font Info:    Font shape `OT1/pcr/m/it' in size <10> not available
(Font)              Font shape `OT1/pcr/m/sl' tried instead on input line 81.

Underfull \hbox (badness 10000) in paragraph at lines 77--82

 []

Missing character: There is no § in font pcrb7t!
Missing character: There is no § in font pcrb7t!
Missing character: There is no § in font pcrr7t!
Missing character: There is no § in font pcrr7t!
Missing character: There is no § in font pcrb7t!
Missing character: There is no § in font pcrb7t!
Missing character: There is no § in font pcrr7t!
Missing character: There is no § in font pcrr7t!
Missing character: There is no § in font pcrb7t!
Missing character: There is no § in font pcrb7t!
Missing character: There is no § in font pcrr7t!
Missing character: There is no § in font pcrr7t!

Underfull \hbox (badness 10000) in paragraph at lines 86--93

 []

Missing character: There is no § in font pcrb7t!
LaTeX Font Info:    Try loading font information for OMS+pcr on input line 98.
("C:\Program Files\MiKTeX 2.9\tex\latex\psnfss\omspcr.fd"
File: omspcr.fd 
)

LaTeX Font Warning: Font shape `OMS/pcr/bx/n' undefined
(Font)              using `OMS/pcr/m/n' instead
(Font)              for symbol `textbackslash' on input line 98.

LaTeX Font Info:    Font shape `OMS/pcr/m/n' in size <10.95> not available
(Font)              Font shape `OMS/cmsy/m/n' tried instead on input line 98.
Missing character: There is no § in font pcrb7t!
Missing character: There is no § in font pcrb7t!
Missing character: There is no § in font pcrb7t!
Missing character: There is no § in font pcrr7t!
Missing character: There is no § in font pcrr7t!
Missing character: There is no § in font pcrb7t!
LaTeX Font Info:    Font shape `OMS/pcr/bx/n' in size <10.95> not available
(Font)              Font shape `OMS/cmsy/m/n' tried instead on input line 101.
Missing character: There is no § in font pcrb7t!
Missing character: There is no § in font pcrb7t!
Missing character: There is no § in font pcrb7t!
Missing character: There is no § in font pcrr7t!
Missing character: There is no § in font pcrr7t!
Missing character: There is no § in font pcrb7t!
Missing character: There is no § in font pcrb7t!
Missing character: There is no § in font pcrb7t!
Missing character: There is no § in font pcrb7t!
Missing character: There is no § in font pcrr7t!
Missing character: There is no § in font pcrr7t!
Missing character: There is no § in font pcrb7t!
Missing character: There is no § in font pcrb7t!
Missing character: There is no § in font pcrb7t!
Missing character: There is no § in font pcrb7t!
Missing character: There is no § in font pcrr7t!
LaTeX Font Info:    Font shape `OML/pcr/m/n' in size <10.95> not available
(Font)              Font shape `OML/cmm/m/it' tried instead on input line 109.
Missing character: There is no § in font pcrr7t!

Underfull \hbox (badness 10000) in paragraph at lines 97--110

 []

[3]
Missing character: There is no § in font pcrb7t!
Missing character: There is no § in font pcrb7t!
Missing character: There is no § in font pcrb7t!
Missing character: There is no § in font pcrb7t!
Missing character: There is no § in font pcrr7t!
Missing character: There is no § in font pcrr7t!

Underfull \hbox (badness 10000) in paragraph at lines 114--118

 []


Overfull \hbox (19.4317pt too wide) in paragraph at lines 120--121
[]\OT1/cmr/m/n/12 More on lambda-expressions: []$\OT1/cmtt/m/n/12 http : / / ww
w . cs . bham . ac . uk / []vxs / teaching /$
 []

Missing character: There is no § in font pcrb7t!
Missing character: There is no § in font pcrb7t!
Missing character: There is no § in font pcrr7t!
Missing character: There is no § in font pcrr7t!
Missing character: There is no § in font pcrb7t!
Missing character: There is no § in font pcrb7t!
Missing character: There is no § in font pcrr7t!
Missing character: There is no § in font pcrr7t!
Missing character: There is no § in font pcrb7t!
Missing character: There is no § in font pcrb7t!
Missing character: There is no § in font pcrr7t!
Missing character: There is no § in font pcrr7t!

Underfull \hbox (badness 10000) in paragraph at lines 124--131

 []

Missing character: There is no § in font pcrb7t!
Missing character: There is no § in font pcrb7t!
Missing character: There is no § in font pcrr7t!
Missing character: There is no § in font pcrr7t!

Underfull \hbox (badness 10000) in paragraph at lines 135--138

 []

Missing character: There is no § in font pcrb7t!
Missing character: There is no § in font pcrb7t!
Missing character: There is no § in font pcrr7t!
Missing character: There is no § in font pcrr7t!
Missing character: There is no § in font pcrb7t!
Missing character: There is no § in font pcrb7t!
Missing character: There is no § in font pcrr7t!
Missing character: There is no § in font pcrr7t!

Underfull \hbox (badness 10000) in paragraph at lines 143--148

 []

[4]
Missing character: There is no § in font pcrb7t!
Missing character: There is no § in font pcrb7t!

Underfull \hbox (badness 10000) in paragraph at lines 165--168

 []

Missing character: There is no § in font pcrb7t!
Missing character: There is no § in font pcrb7t!

Underfull \hbox (badness 10000) in paragraph at lines 172--175

 []

LaTeX Font Info:    Try loading font information for OMS+cmr on input line 184.

("C:\Program Files\MiKTeX 2.9\tex\latex\base\omscmr.fd"
File: omscmr.fd 1999/05/25 v2.5h Standard LaTeX font definitions
)
LaTeX Font Info:    Font shape `OMS/cmr/m/n' in size <12> not available
(Font)              Font shape `OMS/cmsy/m/n' tried instead on input line 184.

Overfull \hbox (11.23555pt too wide) in paragraph at lines 188--189
[][]\OT1/cmtt/m/n/12 Op gL gR \OT1/cmr/m/n/12 game with left and right op-tions
 $\OMS/cmsy/m/n/12 f\OT1/cmr/m/n/12 [[]]\OMS/cmsy/m/n/12 j\OT1/cmr/m/n/12 [[]]\
OMS/cmsy/m/n/12 g$ 
 []

Missing character: There is no § in font pcrb7t!
Missing character: There is no § in font pcrb7t!
Missing character: There is no § in font pcrb7t!
Missing character: There is no § in font pcrb7t!
Missing character: There is no § in font pcrb7t!
Missing character: There is no § in font pcrb7t!
Missing character: There is no § in font pcrb7t!
Missing character: There is no § in font pcrb7t!
Missing character: There is no § in font pcrr7t!
Missing character: There is no § in font pcrr7t!
Missing character: There is no § in font pcrb7t!
Missing character: There is no § in font pcrb7t!
Missing character: There is no § in font pcrr7t!
Missing character: There is no § in font pcrr7t!
Missing character: There is no § in font pcrb7t!
Missing character: There is no § in font pcrb7t!
Missing character: There is no § in font pcrr7t!
Missing character: There is no § in font pcrr7t!

Underfull \hbox (badness 10000) in paragraph at lines 193--203

 []

Missing character: There is no § in font pcrb7t!
Missing character: There is no § in font pcrb7t!
Missing character: There is no § in font pcrb7t!
Missing character: There is no § in font pcrb7t!
Missing character: There is no § in font pcrr7t!
Missing character: There is no § in font pcrr7t!
Missing character: There is no § in font pcrb7t!
Missing character: There is no § in font pcrb7t!
Missing character: There is no § in font pcrr7t!
Missing character: There is no § in font pcrr7t!

Underfull \hbox (badness 10000) in paragraph at lines 211--217

 []

[5]
Missing character: There is no § in font pcrb7t!
Missing character: There is no § in font pcrb7t!
Missing character: There is no § in font pcrb7t!
Missing character: There is no § in font pcrb7t!
Missing character: There is no § in font pcrr7t!
Missing character: There is no § in font pcrr7t!
Missing character: There is no § in font pcrb7t!
Missing character: There is no § in font pcrb7t!
Missing character: There is no § in font pcrr7t!
Missing character: There is no § in font pcrr7t!

Underfull \hbox (badness 10000) in paragraph at lines 221--227

 []

Missing character: There is no § in font pcrb7t!
Missing character: There is no § in font pcrb7t!
Missing character: There is no § in font pcrb7t!
Missing character: There is no § in font pcrb7t!
Missing character: There is no § in font pcrr7t!
Missing character: There is no § in font pcrr7t!
Missing character: There is no § in font pcrb7t!
Missing character: There is no § in font pcrb7t!
Missing character: There is no § in font pcrr7t!
Missing character: There is no § in font pcrr7t!
Missing character: There is no § in font pcrb7t!
Missing character: There is no § in font pcrb7t!
Missing character: There is no § in font pcrr7t!
Missing character: There is no § in font pcrr7t!

Underfull \hbox (badness 10000) in paragraph at lines 236--244

 []

Missing character: There is no § in font pcrb7t!
Missing character: There is no § in font pcrb7t!
Missing character: There is no § in font pcrr7t!
Missing character: There is no § in font pcrr7t!
Missing character: There is no § in font pcrb7t!
Missing character: There is no § in font pcrb7t!
Missing character: There is no § in font pcrr7t!
Missing character: There is no § in font pcrr7t!
Missing character: There is no § in font pcrb7t!
Missing character: There is no § in font pcrb7t!
Missing character: There is no § in font pcrr7t!
Missing character: There is no § in font pcrr7t!
Missing character: There is no § in font pcrb7t!
Missing character: There is no § in font pcrb7t!
Missing character: There is no § in font pcrr7t!
Missing character: There is no § in font pcrr7t!

Underfull \hbox (badness 10000) in paragraph at lines 253--262

 []

[6]
Missing character: There is no § in font pcrb7t!
Missing character: There is no § in font pcrb7t!
Missing character: There is no § in font pcrr7t!
Missing character: There is no § in font pcrr7t!
Missing character: There is no § in font pcrb7t!
Missing character: There is no § in font pcrb7t!
Missing character: There is no § in font pcrr7t!
Missing character: There is no § in font pcrr7t!
Missing character: There is no § in font pcrb7t!
Missing character: There is no § in font pcrb7t!
Missing character: There is no § in font pcrr7t!
Missing character: There is no § in font pcrr7t!
Missing character: There is no § in font pcrb7t!
Missing character: There is no § in font pcrb7t!
Missing character: There is no § in font pcrr7t!
Missing character: There is no § in font pcrr7t!

Underfull \hbox (badness 10000) in paragraph at lines 268--277

 []

Missing character: There is no § in font pcrb7t!
Missing character: There is no § in font pcrb7t!
Missing character: There is no § in font pcrr7t!
Missing character: There is no § in font pcrr7t!
Missing character: There is no § in font pcrb7t!
Missing character: There is no § in font pcrb7t!
Missing character: There is no § in font pcrr7t!
Missing character: There is no § in font pcrr7t!
Missing character: There is no § in font pcrb7t!
Missing character: There is no § in font pcrb7t!
Missing character: There is no § in font pcrr7t!
Missing character: There is no § in font pcrr7t!

Underfull \hbox (badness 10000) in paragraph at lines 281--288

 []

Missing character: There is no § in font pcrb7t!
Missing character: There is no § in font pcrb7t!
Missing character: There is no § in font pcrr7t!
Missing character: There is no § in font pcrr7t!
Missing character: There is no § in font pcrb7t!
Missing character: There is no § in font pcrb7t!
Missing character: There is no § in font pcrr7t!
Missing character: There is no § in font pcrr7t!
Missing character: There is no § in font pcrb7t!
Missing character: There is no § in font pcrb7t!
Missing character: There is no § in font pcrr7t!
Missing character: There is no § in font pcrr7t!

Underfull \hbox (badness 10000) in paragraph at lines 292--299

 []


Overfull \hbox (6.56355pt too wide) in paragraph at lines 303--304
\OT1/cmr/m/n/12 Function []\OT1/cmtt/m/n/12 stable \OT1/cmr/m/n/12 checks if a 
given game de-scrip-tion is sta-ble, ie, $\OML/cmm/m/it/12 stable\OT1/cmr/m/n/1
2 (\OML/cmm/m/it/12 G\OT1/cmr/m/n/12 )  \OMS/cmsy/m/n/12 ([])$
 []

Missing character: There is no § in font pcrb7t!
Missing character: There is no § in font pcrb7t!
Missing character: There is no § in font pcrr7t!
Missing character: There is no § in font pcrr7t!
Missing character: There is no § in font pcrb7t!
Missing character: There is no § in font pcrb7t!
Missing character: There is no § in font pcrr7t!
Missing character: There is no § in font pcrr7t!

Underfull \hbox (badness 10000) in paragraph at lines 305--310

 []

Missing character: There is no § in font pcrb7t!
Missing character: There is no § in font pcrb7t!
Missing character: There is no § in font pcrr7t!
Missing character: There is no § in font pcrr7t!
Missing character: There is no § in font pcrb7t!
Missing character: There is no § in font pcrb7t!
Missing character: There is no § in font pcrr7t!
Missing character: There is no § in font pcrr7t!

Underfull \hbox (badness 10000) in paragraph at lines 317--322

 []

[7]
Missing character: There is no § in font pcrb7t!
Missing character: There is no § in font pcrb7t!
Missing character: There is no § in font pcrr7t!
Missing character: There is no § in font pcrr7t!
Missing character: There is no § in font pcrb7t!
Missing character: There is no § in font pcrb7t!
Missing character: There is no § in font pcrr7t!
Missing character: There is no § in font pcrr7t!

Underfull \hbox (badness 10000) in paragraph at lines 331--336

 []

Missing character: There is no § in font pcrb7t!
Missing character: There is no § in font pcrb7t!
Missing character: There is no § in font pcrb7t!
Missing character: There is no § in font pcrb7t!
Missing character: There is no § in font pcrr7t!
Missing character: There is no § in font pcrr7t!
Missing character: There is no § in font pcrb7t!
Missing character: There is no § in font pcrb7t!
Missing character: There is no § in font pcrr7t!
Missing character: There is no § in font pcrr7t!

Underfull \hbox (badness 10000) in paragraph at lines 342--348

 []

Missing character: There is no § in font pcrb7t!
Missing character: There is no § in font pcrb7t!
Missing character: There is no § in font pcrb7t!
Missing character: There is no § in font pcrb7t!
Missing character: There is no § in font pcrr7t!
Missing character: There is no § in font pcrr7t!
Missing character: There is no § in font pcrb7t!
Missing character: There is no § in font pcrb7t!
Missing character: There is no § in font pcrr7t!
Missing character: There is no § in font pcrr7t!

Underfull \hbox (badness 10000) in paragraph at lines 359--365

 []

Missing character: There is no § in font pcrb7t!
Missing character: There is no § in font pcrb7t!
Missing character: There is no § in font pcrr7t!
Missing character: There is no § in font pcrr7t!

Underfull \hbox (badness 10000) in paragraph at lines 373--376

 []

[8]
Missing character: There is no § in font pcrb7t!
Missing character: There is no § in font pcrb7t!
Missing character: There is no § in font pcrr7t!
Missing character: There is no § in font pcrr7t!
Missing character: There is no § in font pcrb7t!
Missing character: There is no § in font pcrb7t!
Missing character: There is no § in font pcrr7t!
Missing character: There is no § in font pcrr7t!

Underfull \hbox (badness 10000) in paragraph at lines 395--400

 []

Missing character: There is no § in font pcrb7t!
Missing character: There is no § in font pcrb7t!
Missing character: There is no § in font pcrr7t!
Missing character: There is no § in font pcrr7t!
Missing character: There is no § in font pcrb7t!
Missing character: There is no § in font pcrb7t!
Missing character: There is no § in font pcrr7t!
Missing character: There is no § in font pcrr7t!

Underfull \hbox (badness 10000) in paragraph at lines 411--416

 []

[9]
Missing character: There is no § in font pcrb7t!
Missing character: There is no § in font pcrb7t!
Missing character: There is no § in font pcrr7t!
Missing character: There is no § in font pcrr7t!
Missing character: There is no § in font pcrb7t!
Missing character: There is no § in font pcrb7t!
Missing character: There is no § in font pcrr7t!
Missing character: There is no § in font pcrr7t!

Underfull \hbox (badness 10000) in paragraph at lines 427--432

 []

Missing character: There is no § in font pcrb7t!
Missing character: There is no § in font pcrb7t!
Missing character: There is no § in font pcrb7t!
Missing character: There is no § in font pcrb7t!
Missing character: There is no § in font pcrb7t!
Missing character: There is no § in font pcrb7t!
Missing character: There is no § in font pcrr7t!
Missing character: There is no § in font pcrr7t!
Missing character: There is no § in font pcrb7t!
Missing character: There is no § in font pcrb7t!
Missing character: There is no § in font pcrr7t!
Missing character: There is no § in font pcrr7t!
Missing character: There is no § in font pcrb7t!
Missing character: There is no § in font pcrb7t!
Missing character: There is no § in font pcrr7t!
Missing character: There is no § in font pcrr7t!
Missing character: There is no § in font pcrb7t!
Missing character: There is no § in font pcrb7t!
Missing character: There is no § in font pcrr7t!
Missing character: There is no § in font pcrr7t!

Underfull \hbox (badness 10000) in paragraph at lines 436--447

 []

Missing character: There is no § in font pcrb7t!
Missing character: There is no § in font pcrb7t!
Missing character: There is no § in font pcrb7t!
Missing character: There is no § in font pcrb7t!
Missing character: There is no § in font pcrb7t!
Missing character: There is no § in font pcrb7t!
Missing character: There is no § in font pcrr7t!
Missing character: There is no § in font pcrr7t!
Missing character: There is no § in font pcrb7t!
Missing character: There is no § in font pcrb7t!
Missing character: There is no § in font pcrr7t!
Missing character: There is no § in font pcrr7t!
Missing character: There is no § in font pcrb7t!
Missing character: There is no § in font pcrb7t!
Missing character: There is no § in font pcrr7t!
Missing character: There is no § in font pcrr7t!

Underfull \hbox (badness 10000) in paragraph at lines 458--467

 []

Missing character: There is no § in font pcrb7t!
Missing character: There is no § in font pcrb7t!
Missing character: There is no § in font pcrb7t!
Missing character: There is no § in font pcrb7t!
Missing character: There is no § in font pcrr7t!
Missing character: There is no § in font pcrr7t!
Missing character: There is no § in font pcrb7t!
Missing character: There is no § in font pcrb7t!
Missing character: There is no § in font pcrr7t!
Missing character: There is no § in font pcrr7t!

Underfull \hbox (badness 10000) in paragraph at lines 473--479

 []

[10]
Missing character: There is no § in font pcrb7t!
Missing character: There is no § in font pcrb7t!
Missing character: There is no § in font pcrr7t!
Missing character: There is no § in font pcrr7t!
Missing character: There is no § in font pcrb7t!
Missing character: There is no § in font pcrb7t!
Missing character: There is no § in font pcrr7t!
Missing character: There is no § in font pcrr7t!

Underfull \hbox (badness 10000) in paragraph at lines 487--492

 []

Missing character: There is no § in font pcrb7t!
Missing character: There is no § in font pcrb7t!
Missing character: There is no § in font pcrr7t!
Missing character: There is no § in font pcrr7t!
Missing character: There is no § in font pcrb7t!
Missing character: There is no § in font pcrb7t!
Missing character: There is no § in font pcrr7t!
Missing character: There is no § in font pcrr7t!
Missing character: There is no § in font pcrb7t!
Missing character: There is no § in font pcrb7t!
Missing character: There is no § in font pcrr7t!
Missing character: There is no § in font pcrr7t!
Missing character: There is no § in font pcrb7t!
Missing character: There is no § in font pcrb7t!

Underfull \hbox (badness 10000) in paragraph at lines 518--520
[][][][][][]
 []

Missing character: There is no § in font pcrr7t!
Missing character: There is no § in font pcrr7t!
Missing character: There is no § in font pcrb7t!
Missing character: There is no § in font pcrb7t!
Missing character: There is no § in font pcrr7t!
Missing character: There is no § in font pcrr7t!
Missing character: There is no § in font pcrb7t!
Missing character: There is no § in font pcrb7t!
Missing character: There is no § in font pcrr7t!
Missing character: There is no § in font pcrr7t!
Missing character: There is no § in font pcrb7t!
Missing character: There is no § in font pcrb7t!
Missing character: There is no § in font pcrb7t!
Missing character: There is no § in font pcrb7t!
Missing character: There is no § in font pcrr7t!
Missing character: There is no § in font pcrr7t!
Missing character: There is no § in font pcrb7t!
Missing character: There is no § in font pcrb7t!
Missing character: There is no § in font pcrr7t!
Missing character: There is no § in font pcrr7t!

Underfull \hbox (badness 10000) in paragraph at lines 512--530

 []

[11]
Missing character: There is no § in font pcrb7t!
Missing character: There is no § in font pcrb7t!
Missing character: There is no § in font pcrr7t!
Missing character: There is no § in font pcrr7t!

Underfull \hbox (badness 10000) in paragraph at lines 536--539

 []

Missing character: There is no § in font pcrb7t!
Missing character: There is no § in font pcrb7t!
Missing character: There is no § in font pcrr7t!
Missing character: There is no § in font pcrr7t!
Missing character: There is no § in font pcrr7t!
Missing character: There is no § in font pcrr7t!
Missing character: There is no § in font pcrb7t!
Missing character: There is no § in font pcrb7t!
Missing character: There is no § in font pcrb7t!
Missing character: There is no § in font pcrb7t!
Missing character: There is no § in font pcrr7t!
Missing character: There is no § in font pcrr7t!
Missing character: There is no § in font pcrb7t!
Missing character: There is no § in font pcrb7t!
Missing character: There is no § in font pcrr7t!
Missing character: There is no § in font pcrr7t!

Underfull \hbox (badness 10000) in paragraph at lines 562--571

 []

[12]
Missing character: There is no § in font pcrb7t!
Missing character: There is no § in font pcrb7t!
Missing character: There is no § in font pcrr7t!
Missing character: There is no § in font pcrr7t!

Underfull \hbox (badness 10000) in paragraph at lines 575--578

 []

Missing character: There is no § in font pcrb7t!
Missing character: There is no § in font pcrb7t!
Missing character: There is no § in font pcrr7t!
Missing character: There is no § in font pcrr7t!
Missing character: There is no § in font pcrr7t!
Missing character: There is no § in font pcrr7t!
Missing character: There is no § in font pcrr7t!
Missing character: There is no § in font pcrr7t!

Underfull \hbox (badness 10000) in paragraph at lines 582--587

 []

Missing character: There is no § in font pcrb7t!
Missing character: There is no § in font pcrb7t!
Missing character: There is no § in font pcrb7t!
Missing character: There is no § in font pcrb7t!
Missing character: There is no § in font pcrr7t!
Missing character: There is no § in font pcrr7t!

Overfull \hbox (2.13942pt too wide) in paragraph at lines 600--601
[][][][][][][][][][]
 []


Underfull \hbox (badness 10000) in paragraph at lines 597--601

 []

Missing character: There is no § in font pcrb7t!
Missing character: There is no § in font pcrb7t!
Missing character: There is no § in font pcrb7t!
Missing character: There is no § in font pcrb7t!
Missing character: There is no § in font pcrr7t!
Missing character: There is no § in font pcrr7t!

Underfull \hbox (badness 10000) in paragraph at lines 614--618

 []

Missing character: There is no § in font pcrb7t!
Missing character: There is no § in font pcrb7t!
Missing character: There is no § in font pcrr7t!
Missing character: There is no § in font pcrr7t!
Missing character: There is no § in font pcrb7t!
Missing character: There is no § in font pcrb7t!
Missing character: There is no § in font pcrr7t!
Missing character: There is no § in font pcrr7t!
Missing character: There is no § in font pcrb7t!
Missing character: There is no § in font pcrb7t!
Missing character: There is no § in font pcrr7t!
Missing character: There is no § in font pcrr7t!
Missing character: There is no § in font pcrb7t!
Missing character: There is no § in font pcrb7t!
Missing character: There is no § in font pcrr7t!
Missing character: There is no § in font pcrr7t!

Underfull \hbox (badness 10000) in paragraph at lines 622--631

 []

[13]
Missing character: There is no § in font pcrb7t!
Missing character: There is no § in font pcrb7t!
Missing character: There is no § in font pcrr7t!
Missing character: There is no § in font pcrr7t!
Missing character: There is no § in font pcrb7t!
Missing character: There is no § in font pcrb7t!
Missing character: There is no § in font pcrr7t!
Missing character: There is no § in font pcrr7t!

Underfull \hbox (badness 10000) in paragraph at lines 635--640

 []

Missing character: There is no § in font pcrb7t!
Missing character: There is no § in font pcrb7t!
Missing character: There is no § in font pcrb7t!
Missing character: There is no § in font pcrb7t!
Missing character: There is no § in font pcrr7t!
Missing character: There is no § in font pcrr7t!
Missing character: There is no § in font pcrb7t!
Missing character: There is no § in font pcrb7t!
Missing character: There is no § in font pcrr7t!
Missing character: There is no § in font pcrr7t!
Missing character: There is no § in font pcrb7t!
Missing character: There is no § in font pcrb7t!
Missing character: There is no § in font pcrb7t!
Missing character: There is no § in font pcrb7t!
Missing character: There is no § in font pcrr7t!
Missing character: There is no § in font pcrr7t!

Underfull \hbox (badness 10000) in paragraph at lines 669--678

 []

[14]
Missing character: There is no § in font pcrb7t!
Missing character: There is no § in font pcrb7t!
Missing character: There is no § in font pcrr7t!
Missing character: There is no § in font pcrr7t!
Missing character: There is no § in font pcrr7t!
Missing character: There is no § in font pcrr7t!
Missing character: There is no § in font pcrr7t!
Missing character: There is no § in font pcrr7t!
Missing character: There is no § in font pcrr7t!
Missing character: There is no § in font pcrr7t!
Missing character: There is no § in font pcrr7t!
Missing character: There is no § in font pcrr7t!
Missing character: There is no § in font pcrr7t!
Missing character: There is no § in font pcrr7t!
Missing character: There is no § in font pcrr7t!
Missing character: There is no § in font pcrr7t!
Missing character: There is no § in font pcrr7t!
Missing character: There is no § in font pcrr7t!

Underfull \hbox (badness 10000) in paragraph at lines 739--749

 []

[15]
Missing character: There is no § in font pcrb7t!
Missing character: There is no § in font pcrb7t!
Missing character: There is no § in font pcrb7t!
Missing character: There is no § in font pcrb7t!
Missing character: There is no § in font pcrr7t!
Missing character: There is no § in font pcrr7t!
Missing character: There is no § in font pcrb7t!
Missing character: There is no § in font pcrb7t!
Missing character: There is no § in font pcrb7t!
Missing character: There is no § in font pcrb7t!
Missing character: There is no § in font pcrr7t!
Missing character: There is no § in font pcrr7t!

Underfull \hbox (badness 10000) in paragraph at lines 755--762

 []

Missing character: There is no § in font pcrb7t!
Missing character: There is no § in font pcrb7t!
Missing character: There is no § in font pcrb7t!
Missing character: There is no § in font pcrb7t!
Missing character: There is no § in font pcrr7t!
Missing character: There is no § in font pcrr7t!
Missing character: There is no § in font pcrr7t!
Missing character: There is no § in font pcrr7t!
Missing character: There is no § in font pcrr7t!
Missing character: There is no § in font pcrr7t!
Missing character: There is no § in font pcrr7t!
Missing character: There is no § in font pcrr7t!

Underfull \hbox (badness 10000) in paragraph at lines 768--775

 []

Missing character: There is no § in font pcrb7t!
Missing character: There is no § in font pcrb7t!
Missing character: There is no § in font pcrb7t!
Missing character: There is no § in font pcrb7t!
Missing character: There is no § in font pcrb7t!
Missing character: There is no § in font pcrb7t!
Missing character: There is no § in font pcrr7t!
Missing character: There is no § in font pcrr7t!
Missing character: There is no § in font pcrr7t!
Missing character: There is no § in font pcrr7t!
Missing character: There is no § in font pcrr7t!
Missing character: There is no § in font pcrr7t!
Missing character: There is no § in font pcrr7t!
Missing character: There is no § in font pcrr7t!
Missing character: There is no § in font pcrr7t!
Missing character: There is no § in font pcrr7t!
Missing character: There is no § in font pcrr7t!
Missing character: There is no § in font pcrr7t!
Missing character: There is no § in font pcrr7t!
Missing character: There is no § in font pcrr7t!

Underfull \hbox (badness 10000) in paragraph at lines 779--790

 []

[16]
Missing character: There is no § in font pcrb7t!
Missing character: There is no § in font pcrb7t!
Missing character: There is no § in font pcrb7t!
Missing character: There is no § in font pcrb7t!
Missing character: There is no § in font pcrr7t!
Missing character: There is no § in font pcrr7t!
Missing character: There is no § in font pcrr7t!
Missing character: There is no § in font pcrr7t!
Missing character: There is no § in font pcrr7t!
Missing character: There is no § in font pcrr7t!
Missing character: There is no § in font pcrr7t!
Missing character: There is no § in font pcrr7t!
Missing character: There is no § in font pcrr7t!
Missing character: There is no § in font pcrr7t!
Missing character: There is no § in font pcrr7t!
Missing character: There is no § in font pcrr7t!
Missing character: There is no § in font pcrr7t!
Missing character: There is no § in font pcrr7t!
Missing character: There is no § in font pcrr7t!
Missing character: There is no § in font pcrr7t!
Missing character: There is no § in font pcrr7t!
Missing character: There is no § in font pcrr7t!
Missing character: There is no § in font pcrr7t!
Missing character: There is no § in font pcrr7t!
Missing character: There is no § in font pcrr7t!
Missing character: There is no § in font pcrr7t!
Missing character: There is no § in font pcrr7t!
Missing character: There is no § in font pcrr7t!
Missing character: There is no § in font pcrr7t!
Missing character: There is no § in font pcrr7t!
Missing character: There is no § in font pcrr7t!
Missing character: There is no § in font pcrr7t!
Missing character: There is no § in font pcrr7t!
Missing character: There is no § in font pcrr7t!
Missing character: There is no § in font pcrr7t!
Missing character: There is no § in font pcrr7t!
Missing character: There is no § in font pcrr7t!
Missing character: There is no § in font pcrr7t!
Missing character: There is no § in font pcrr7t!
Missing character: There is no § in font pcrr7t!
Missing character: There is no § in font pcrr7t!
Missing character: There is no § in font pcrr7t!
Missing character: There is no § in font pcrr7t!
Missing character: There is no § in font pcrr7t!

Underfull \hbox (badness 10000) in paragraph at lines 796--819

 []

[17]
Missing character: There is no § in font pcrb7t!
Missing character: There is no § in font pcrb7t!
Missing character: There is no § in font pcrr7t!
Missing character: There is no § in font pcrr7t!
Missing character: There is no § in font pcrr7t!
Missing character: There is no § in font pcrr7t!
Missing character: There is no § in font pcrr7t!
Missing character: There is no § in font pcrr7t!
Missing character: There is no § in font cmtt12!
Missing character: There is no § in font pcrr7t!
Missing character: There is no § in font cmtt12!
Missing character: There is no § in font pcrr7t!
Missing character: There is no § in font cmtt12!
Missing character: There is no § in font pcrr7t!
Missing character: There is no § in font pcrr7t!
Missing character: There is no § in font pcrr7t!
Missing character: There is no § in font pcrr7t!
Missing character: There is no § in font pcrr7t!
Missing character: There is no § in font pcrb7t!
Missing character: There is no § in font pcrb7t!

Overfull \hbox (7.37115pt too wide) in paragraph at lines 854--855
[][][][][][][][][][][][][][][][][][][][][][][][][][][][]| 
 []

Missing character: There is no § in font pcrb7t!
Missing character: There is no § in font pcrb7t!
Missing character: There is no § in font cmtt12!
Missing character: There is no § in font pcrr7t!
Missing character: There is no § in font cmtt12!
Missing character: There is no § in font pcrr7t!
Missing character: There is no § in font cmtt12!
Missing character: There is no § in font pcrr7t!
Missing character: There is no § in font pcrr7t!
Missing character: There is no § in font pcrr7t!

Underfull \hbox (badness 10000) in paragraph at lines 844--860

 []

Missing character: There is no § in font pcrb7t!
Missing character: There is no § in font pcrb7t!
Missing character: There is no § in font pcrr7t!
Missing character: There is no § in font pcrr7t!
Missing character: There is no § in font pcrr7t!
Missing character: There is no § in font pcrr7t!
Missing character: There is no § in font pcrr7t!
Missing character: There is no § in font pcrr7t!
Missing character: There is no § in font pcrr7t!
Missing character: There is no § in font pcrr7t!
Missing character: There is no § in font pcrr7t!
Missing character: There is no § in font pcrr7t!
Missing character: There is no § in font pcrr7t!
Missing character: There is no § in font pcrr7t!
Missing character: There is no § in font pcrr7t!
Missing character: There is no § in font pcrr7t!
Missing character: There is no § in font pcrr7t!
Missing character: There is no § in font pcrr7t!

Underfull \hbox (badness 10000) in paragraph at lines 877--887

 []

[18]
Overfull \hbox (14.577pt too wide) in paragraph at lines 891--893
\OT1/cmr/m/n/12 Goto []$\OT1/cmtt/m/n/12 https : / / www . haskell . org / plat
form/$[]\OT1/cmr/m/n/12 , down-load and in-stall \OT1/cmr/m/it/12 The Haskell
 []

Package atveryend Info: Empty hook `BeforeClearDocument' on input line 903.
[19]
Package atveryend Info: Empty hook `AfterLastShipout' on input line 903.

("C:\Users\jpn\Documents\Dropbox\My Work\Projects\ScoreGamesHaskell\userGuide\u
serGuide.aux")
Package atveryend Info: Executing hook `AtVeryEndDocument' on input line 903.
Package atveryend Info: Executing hook `AtEndAfterFileList' on input line 903.
Package rerunfilecheck Info: File `userGuide.out' has not changed.
(rerunfilecheck)             Checksum: 1C9A5F34193B2AA49E35E532C256D80F;2124.


LaTeX Font Warning: Some font shapes were not available, defaults substituted.

Package atveryend Info: Empty hook `AtVeryVeryEnd' on input line 903.
 ) 
Here is how much of TeX's memory you used:
 7720 strings out of 493921
 111043 string characters out of 3147287
 205073 words of memory out of 3000000
 10859 multiletter control sequences out of 15000+200000
 18742 words of font info for 79 fonts, out of 3000000 for 9000
 841 hyphenation exceptions out of 8191
 29i,12n,35p,265b,1313s stack positions out of 5000i,500n,10000p,200000b,50000s
{C:/Program Files/MiKTeX 2.9/fonts/enc/dvips/fontname/8r.enc}<C:/Program File
s/MiKTeX 2.9/fonts/type1/public/amsfonts/cm/cmbx12.pfb><C:/Program Files/MiKTeX
 2.9/fonts/type1/public/amsfonts/cm/cmmi10.pfb><C:/Program Files/MiKTeX 2.9/fon
ts/type1/public/amsfonts/cm/cmmi12.pfb><C:/Program Files/MiKTeX 2.9/fonts/type1
/public/amsfonts/cm/cmmi8.pfb><C:/Program Files/MiKTeX 2.9/fonts/type1/public/a
msfonts/cm/cmr12.pfb><C:/Program Files/MiKTeX 2.9/fonts/type1/public/amsfonts/c
m/cmr17.pfb><C:/Program Files/MiKTeX 2.9/fonts/type1/public/amsfonts/cm/cmr8.pf
b><C:/Program Files/MiKTeX 2.9/fonts/type1/public/amsfonts/cm/cmsy10.pfb><C:/Pr
ogram Files/MiKTeX 2.9/fonts/type1/public/amsfonts/cm/cmsy8.pfb><C:/Program Fil
es/MiKTeX 2.9/fonts/type1/public/amsfonts/cm/cmti12.pfb><C:/Program Files/MiKTe
X 2.9/fonts/type1/public/amsfonts/cm/cmtt12.pfb><C:/Program Files/MiKTeX 2.9/fo
nts/type1/public/amsfonts/symbols/msbm10.pfb><C:/Program Files/MiKTeX 2.9/fonts
/type1/urw/courier/ucrb8a.pfb><C:/Program Files/MiKTeX 2.9/fonts/type1/urw/cour
ier/ucrr8a.pfb><C:/Program Files/MiKTeX 2.9/fonts/type1/urw/courier/ucrro8a.pfb
>
Output written on userGuide.pdf (19 pages, 237719 bytes).
PDF statistics:
 310 PDF objects out of 1000 (max. 8388607)
 51 named destinations out of 1000 (max. 500000)
 233 words of extra memory for PDF output out of 10000 (max. 10000000)

